<?xml version="1.0" encoding="UTF-8"?>
<!-- Generated by org.testng.reporters.JUnitXMLReporter -->
<testsuite ignored="12" hostname="SKL-ALEKS-PAVLE" failures="2" tests="14" name="Test" time="316.018" errors="0" timestamp="2022-07-20T16:41:05 CEST">
  <testcase classname="actions.CreateAccount" name="accountCpq" time="13.513">
    <failure type="org.openqa.selenium.TimeoutException" message="Expected condition failed: waiting for visibility of element located by By.xpath: //input[@placeholder=&amp;apos;Search apps and items...&amp;apos;] (tried for 10 second(s) with 500 milliseconds interval)
Build info: version: &amp;apos;4.2.2&amp;apos;, revision: &amp;apos;683ccb65d6&amp;apos;
System info: host: &amp;apos;SKL-ALEKS-PAVLE&amp;apos;, ip: &amp;apos;192.168.100.6&amp;apos;, os.name: &amp;apos;Windows 10&amp;apos;, os.arch: &amp;apos;amd64&amp;apos;, os.version: &amp;apos;10.0&amp;apos;, java.version: &amp;apos;11.0.15&amp;apos;
Driver info: org.openqa.selenium.chrome.ChromeDriver
Capabilities {acceptInsecureCerts: false, browserName: chrome, browserVersion: 103.0.5060.114, chrome: {chromedriverVersion: 103.0.5060.134 (8ec6fce403b..., userDataDir: C:\Users\ALEKSA~1.PAV\AppDa...}, goog:chromeOptions: {debuggerAddress: localhost:56158}, networkConnectionEnabled: false, pageLoadStrategy: normal, platformName: WINDOWS, proxy: Proxy(), se:cdp: ws://localhost:56158/devtoo..., se:cdpVersion: 103.0.5060.114, setWindowRect: true, strictFileInteractability: false, timeouts: {implicit: 0, pageLoad: 300000, script: 30000}, unhandledPromptBehavior: dismiss and notify, webauthn:extension:credBlob: true, webauthn:extension:largeBlob: true, webauthn:virtualAuthenticators: true}
Session ID: af59333663073045f5354d4a80b8c135">
      <![CDATA[org.openqa.selenium.TimeoutException: Expected condition failed: waiting for visibility of element located by By.xpath: //input[@placeholder='Search apps and items...'] (tried for 10 second(s) with 500 milliseconds interval)
Build info: version: '4.2.2', revision: '683ccb65d6'
System info: host: 'SKL-ALEKS-PAVLE', ip: '192.168.100.6', os.name: 'Windows 10', os.arch: 'amd64', os.version: '10.0', java.version: '11.0.15'
Driver info: org.openqa.selenium.chrome.ChromeDriver
Capabilities {acceptInsecureCerts: false, browserName: chrome, browserVersion: 103.0.5060.114, chrome: {chromedriverVersion: 103.0.5060.134 (8ec6fce403b..., userDataDir: C:\Users\ALEKSA~1.PAV\AppDa...}, goog:chromeOptions: {debuggerAddress: localhost:56158}, networkConnectionEnabled: false, pageLoadStrategy: normal, platformName: WINDOWS, proxy: Proxy(), se:cdp: ws://localhost:56158/devtoo..., se:cdpVersion: 103.0.5060.114, setWindowRect: true, strictFileInteractability: false, timeouts: {implicit: 0, pageLoad: 300000, script: 30000}, unhandledPromptBehavior: dismiss and notify, webauthn:extension:credBlob: true, webauthn:extension:largeBlob: true, webauthn:virtualAuthenticators: true}
Session ID: af59333663073045f5354d4a80b8c135
at org.openqa.selenium.support.ui.WebDriverWait.timeoutException(WebDriverWait.java:87)
at org.openqa.selenium.support.ui.FluentWait.until(FluentWait.java:231)
at actions.CreateAccount.accountCpq(CreateAccount.java:55)
at java.base/java.util.ArrayList.forEach(ArrayList.java:1541)
... Removed 27 stack frames]]>
    </failure>
  </testcase> <!-- accountCpq -->
  <testcase classname="actions.CreateLicence" name="createLicense" time="13.641"/>
  <testcase classname="actions.ProductCatalog" name="createCatalog" time="19.252"/>
  <testcase classname="pi.CreateContact" name="createContact" time="16.626"/>
  <testcase classname="pi.CreateOrchestrationPlan" name="orchestrationPlan" time="22.435"/>
  <testcase classname="pi.CreatePayment" name="createPayment" time="33.284">
    <failure type="org.openqa.selenium.TimeoutException" message="Expected condition failed: waiting for visibility of element located by By.xpath: //input[@placeholder=&amp;apos;Search apps and items...&amp;apos;] (tried for 30 second(s) with 500 milliseconds interval)
Build info: version: &amp;apos;4.2.2&amp;apos;, revision: &amp;apos;683ccb65d6&amp;apos;
System info: host: &amp;apos;SKL-ALEKS-PAVLE&amp;apos;, ip: &amp;apos;192.168.100.6&amp;apos;, os.name: &amp;apos;Windows 10&amp;apos;, os.arch: &amp;apos;amd64&amp;apos;, os.version: &amp;apos;10.0&amp;apos;, java.version: &amp;apos;11.0.15&amp;apos;
Driver info: org.openqa.selenium.edge.EdgeDriver
Capabilities {acceptInsecureCerts: false, browserName: msedge, browserVersion: 103.0.1264.62, ms:edgeOptions: {debuggerAddress: localhost:56487}, msedge: {msedgedriverVersion: 103.0.1264.62 (e5d152f334ae..., userDataDir: C:\Users\ALEKSA~1.PAV\AppDa...}, networkConnectionEnabled: false, pageLoadStrategy: normal, platformName: WINDOWS, proxy: Proxy(), se:cdp: ws://localhost:56487/devtoo..., se:cdpVersion: 103.0.1264.62, setWindowRect: true, strictFileInteractability: false, timeouts: {implicit: 0, pageLoad: 300000, script: 30000}, unhandledPromptBehavior: dismiss and notify, webauthn:extension:credBlob: true, webauthn:extension:largeBlob: true, webauthn:virtualAuthenticators: true}
Session ID: 888faef6da4cae00a6bd7613ce88d35e">
      <![CDATA[org.openqa.selenium.TimeoutException: Expected condition failed: waiting for visibility of element located by By.xpath: //input[@placeholder='Search apps and items...'] (tried for 30 second(s) with 500 milliseconds interval)
Build info: version: '4.2.2', revision: '683ccb65d6'
System info: host: 'SKL-ALEKS-PAVLE', ip: '192.168.100.6', os.name: 'Windows 10', os.arch: 'amd64', os.version: '10.0', java.version: '11.0.15'
Driver info: org.openqa.selenium.edge.EdgeDriver
Capabilities {acceptInsecureCerts: false, browserName: msedge, browserVersion: 103.0.1264.62, ms:edgeOptions: {debuggerAddress: localhost:56487}, msedge: {msedgedriverVersion: 103.0.1264.62 (e5d152f334ae..., userDataDir: C:\Users\ALEKSA~1.PAV\AppDa...}, networkConnectionEnabled: false, pageLoadStrategy: normal, platformName: WINDOWS, proxy: Proxy(), se:cdp: ws://localhost:56487/devtoo..., se:cdpVersion: 103.0.1264.62, setWindowRect: true, strictFileInteractability: false, timeouts: {implicit: 0, pageLoad: 300000, script: 30000}, unhandledPromptBehavior: dismiss and notify, webauthn:extension:credBlob: true, webauthn:extension:largeBlob: true, webauthn:virtualAuthenticators: true}
Session ID: 888faef6da4cae00a6bd7613ce88d35e
at org.openqa.selenium.support.ui.WebDriverWait.timeoutException(WebDriverWait.java:87)
at org.openqa.selenium.support.ui.FluentWait.until(FluentWait.java:231)
at pi.CreatePayment.createPayment(CreatePayment.java:52)
at java.base/java.util.ArrayList.forEach(ArrayList.java:1541)
... Removed 27 stack frames]]>
    </failure>
  </testcase> <!-- createPayment -->
  <testcase classname="sc.CreateContactRequest" name="contactRequest" time="15.559"/>
  <testcase classname="sc.CreateSystem" name="createSystem" time="9.395"/>
  <testcase classname="sw.CreatePartnerContract" name="createPartnerContract" time="11.927"/>
  <testcase classname="ui.DownloadFile" name="downloadFile" time="13.406"/>
  <testcase classname="ui.OrchestrationDefinition" name="editPlanDefinition" time="11.76"/>
  <testcase classname="wait.CreateContact" name="createContactTwo" time="17.668"/>
  <testcase classname="wait.CreatePayment" name="createPaymentThree" time="15.005"/>
  <testcase classname="wait.EmailList" name="emailListTwo" time="8.18"/>
  <testcase classname="actions.CreateVlocityRule" name="createVlocityRule" time="0.0">
    <ignored/>
  </testcase> <!-- createVlocityRule -->
  <testcase classname="actions.VlocityFilter" name="vlocityFilter" time="0.0">
    <ignored/>
  </testcase> <!-- vlocityFilter -->
  <testcase classname="sw.CreatePayment" name="createPaymentTwo" time="0.0">
    <ignored/>
  </testcase> <!-- createPaymentTwo -->
  <testcase classname="ui.CreateAccount" name="createAccount" time="0.0">
    <ignored/>
  </testcase> <!-- createAccount -->
  <testcase classname="sw.CreateLead" name="createLead" time="0.0">
    <ignored/>
  </testcase> <!-- createLead -->
  <testcase classname="actions.CreateAccountService" name="accountService" time="0.0">
    <ignored/>
  </testcase> <!-- accountService -->
  <testcase classname="wait.CreateLead" name="createLeadTwo" time="0.0">
    <ignored/>
  </testcase> <!-- createLeadTwo -->
  <testcase classname="pi.CreateProduct" name="createProduct" time="0.0">
    <ignored/>
  </testcase> <!-- createProduct -->
  <testcase classname="wait.DownloadFile" name="downloadFileTwo" time="0.0">
    <ignored/>
  </testcase> <!-- downloadFileTwo -->
  <testcase classname="ui.EmailList" name="emailList" time="0.0">
    <ignored/>
  </testcase> <!-- emailList -->
  <testcase classname="ui.EditGroup" name="editGroup" time="0.0">
    <ignored/>
  </testcase> <!-- editGroup -->
  <testcase classname="sc.CreatePackage" name="createPackage" time="0.0">
    <ignored/>
  </testcase> <!-- createPackage -->
</testsuite> <!-- Test -->
